TN:
SF:src\components\Lang.tsx
FN:17,Lang
FNF:1
FNH:1
FNDA:19,Lang
DA:17,1
DA:18,19
DA:19,19
DA:20,19
DA:21,19
DA:23,1
LF:6
LH:6
BRDA:17,0,0,19
BRDA:19,1,0,0
BRDA:19,2,0,1
BRDA:19,3,0,0
BRDA:19,4,0,18
BRF:5
BRH:3
end_of_record
TN:
SF:src\components\Calendar\EtCalendar.tsx
FN:89,normalizeDate
FN:95,isRangeValue
FN:314,handleClickOutside
FN:324,toSegments
FNF:4
FNH:3
FNDA:230,normalizeDate
FNDA:12,isRangeValue
FNDA:0,handleClickOutside
FNDA:34,toSegments
DA:1,1
DA:9,1
DA:10,1
DA:11,1
DA:12,1
DA:13,1
DA:14,1
DA:15,1
DA:25,1
DA:86,1
DA:89,1
DA:90,230
DA:91,103
DA:92,230
DA:93,230
DA:95,1
DA:96,12
DA:97,6
DA:98,6
DA:99,6
DA:100,6
DA:102,1
DA:103,1
DA:104,114
DA:105,114
DA:106,114
DA:107,114
DA:108,114
DA:109,114
DA:112,114
DA:113,114
DA:114,114
DA:115,114
DA:116,114
DA:117,114
DA:118,114
DA:119,114
DA:120,114
DA:121,114
DA:122,114
DA:123,114
DA:124,114
DA:125,114
DA:126,114
DA:127,114
DA:128,114
DA:130,114
DA:131,114
DA:132,114
DA:134,114
DA:135,114
DA:136,114
DA:137,39
DA:138,39
DA:139,39
DA:140,39
DA:141,39
DA:142,114
DA:143,114
DA:145,114
DA:146,114
DA:148,114
DA:149,39
DA:150,114
DA:152,114
DA:153,39
DA:154,37
DA:155,37
DA:156,2
DA:157,2
DA:158,2
DA:159,2
DA:160,114
DA:162,114
DA:163,114
DA:165,114
DA:166,39
DA:167,1
DA:168,1
DA:169,1
DA:170,1
DA:171,39
DA:172,38
DA:173,38
DA:174,114
DA:176,114
DA:177,39
DA:178,114
DA:180,114
DA:181,42
DA:185,7
DA:186,4
DA:187,4
DA:188,4
DA:189,4
DA:190,7
DA:191,3
DA:192,3
DA:193,42
DA:194,35
DA:195,35
DA:196,114
DA:198,114
DA:199,114
DA:200,60
DA:201,60
DA:202,60
DA:203,114
DA:204,114
DA:206,114
DA:207,114
DA:208,29
DA:209,14
DA:210,14
DA:211,14
DA:212,14
DA:213,14
DA:214,14
DA:215,14
DA:216,25
DA:217,15
DA:218,15
DA:219,29
DA:220,114
DA:221,114
DA:223,114
DA:224,114
DA:225,11
DA:226,11
DA:228,11
DA:229,11
DA:230,0
DA:231,11
DA:232,0
DA:233,0
DA:235,11
DA:236,6
DA:238,6
DA:239,3
DA:240,3
DA:241,3
DA:242,3
DA:243,3
DA:244,0
DA:245,0
DA:246,3
DA:247,3
DA:248,3
DA:249,3
DA:250,3
DA:251,0
DA:252,0
DA:253,0
DA:255,6
DA:256,6
DA:257,6
DA:258,11
DA:259,5
DA:260,5
DA:261,5
DA:262,5
DA:263,5
DA:264,11
DA:265,114
DA:266,114
DA:268,114
DA:269,1
DA:270,1
DA:271,1
DA:272,114
DA:274,114
DA:275,114
DA:276,3
DA:277,3
DA:278,1
DA:279,1
DA:280,1
DA:281,3
DA:282,2
DA:283,2
DA:284,2
DA:285,3
DA:286,114
DA:287,114
DA:289,114
DA:290,114
DA:291,18
DA:292,18
DA:294,18
DA:295,18
DA:296,18
DA:297,18
DA:298,18
DA:299,18
DA:300,18
DA:301,114
DA:302,114
DA:303,114
DA:304,114
DA:305,114
DA:306,114
DA:307,114
DA:308,114
DA:309,114
DA:310,114
DA:311,114
DA:313,114
DA:314,39
DA:315,0
DA:316,0
DA:317,0
DA:318,0
DA:319,39
DA:320,39
DA:321,114
DA:323,114
DA:324,71
DA:325,34
DA:326,22
DA:327,22
DA:328,22
DA:329,22
DA:330,22
DA:331,22
DA:332,22
DA:333,22
DA:334,22
DA:335,22
DA:336,22
DA:337,12
DA:338,12
DA:339,12
DA:340,12
DA:341,12
DA:342,34
DA:344,71
DA:345,19
DA:346,10
DA:347,9
DA:348,19
DA:349,71
DA:350,114
DA:352,114
DA:353,114
DA:354,114
DA:355,114
DA:356,114
DA:358,114
DA:359,114
DA:360,114
DA:361,114
DA:362,114
DA:363,114
DA:364,114
DA:365,114
DA:366,114
DA:367,114
DA:368,114
DA:369,114
DA:370,114
DA:371,114
DA:372,114
DA:373,114
DA:374,114
DA:375,1
DA:376,113
DA:377,114
DA:378,114
DA:379,114
DA:380,114
DA:381,114
DA:382,114
DA:383,114
DA:384,114
DA:385,114
DA:387,114
DA:388,114
DA:389,42
DA:390,42
DA:391,42
DA:392,42
DA:393,42
DA:395,42
DA:396,42
DA:397,42
DA:398,42
DA:399,42
DA:400,42
DA:402,42
DA:403,23
DA:404,23
DA:405,23
DA:406,23
DA:407,23
DA:408,23
DA:409,23
DA:410,23
DA:411,23
DA:412,23
DA:413,23
DA:414,23
DA:415,23
DA:416,23
DA:417,23
DA:418,23
DA:419,23
DA:420,23
DA:422,19
DA:423,19
DA:424,19
DA:425,19
DA:426,19
DA:427,19
DA:428,19
DA:429,19
DA:430,19
DA:431,19
DA:432,19
DA:433,19
DA:434,19
DA:435,19
DA:436,19
DA:437,19
DA:438,19
DA:439,19
DA:441,42
DA:442,42
DA:444,72
DA:447,114
DA:448,114
DA:449,114
DA:450,114
DA:451,1
DA:452,1
DA:453,1
DA:455,114
DA:457,114
DA:458,1
DA:460,1
LF:339
LH:327
BRDA:89,0,0,230
BRDA:90,1,0,225
BRDA:90,2,0,103
BRDA:90,3,0,127
BRDA:90,4,0,103
BRDA:92,5,0,0
BRDA:95,6,0,12
BRDA:96,7,0,6
BRDA:97,8,0,6
BRDA:98,9,0,6
BRDA:99,10,0,6
BRDA:100,11,0,0
BRDA:103,12,0,114
BRDA:355,13,0,0
BRDA:374,14,0,1
BRDA:375,15,0,113
BRDA:377,16,0,1
BRDA:377,17,0,113
BRDA:379,18,0,113
BRDA:388,19,0,42
BRDA:402,20,0,23
BRDA:420,21,0,19
BRDA:442,22,0,72
BRDA:450,23,0,1
BRDA:127,24,0,39
BRDA:128,25,0,39
BRDA:134,26,0,39
BRDA:136,27,0,39
BRDA:148,28,0,39
BRDA:149,29,0,5
BRDA:149,30,0,34
BRDA:152,31,0,39
BRDA:153,32,0,5
BRDA:153,33,0,37
BRDA:155,34,0,2
BRDA:165,35,0,39
BRDA:166,36,0,3
BRDA:166,37,0,3
BRDA:166,38,0,1
BRDA:171,39,0,38
BRDA:176,40,0,39
BRDA:180,41,0,42
BRDA:181,42,0,7
BRDA:185,43,0,4
BRDA:190,44,0,3
BRDA:193,45,0,35
BRDA:199,46,0,60
BRDA:201,47,0,0
BRDA:207,48,0,29
BRDA:208,49,0,25
BRDA:208,50,0,14
BRDA:216,51,0,15
BRDA:224,52,0,11
BRDA:226,53,0,0
BRDA:229,54,0,0
BRDA:229,55,0,0
BRDA:231,56,0,0
BRDA:231,57,0,0
BRDA:235,58,0,6
BRDA:238,59,0,3
BRDA:242,60,0,0
BRDA:243,61,0,0
BRDA:250,62,0,0
BRDA:256,63,0,4
BRDA:258,64,0,5
BRDA:261,65,0,3
BRDA:268,66,0,1
BRDA:270,67,0,1
BRDA:275,68,0,3
BRDA:277,69,0,1
BRDA:281,70,0,2
BRDA:283,71,0,1
BRDA:290,72,0,18
BRDA:292,73,0,0
BRDA:296,74,0,13
BRDA:296,75,0,11
BRDA:296,76,0,10
BRDA:299,77,0,18
BRDA:313,78,0,39
BRDA:320,79,0,39
BRDA:323,80,0,71
BRDA:344,81,0,19
BRDA:345,82,0,10
BRDA:346,83,0,9
BRDA:348,84,0,52
BRDA:349,85,0,24
BRDA:349,86,0,28
BRDA:324,87,0,34
BRDA:325,88,0,30
BRDA:325,89,0,22
BRDA:336,90,0,12
BRF:91
BRH:78
end_of_record
TN:
SF:src\components\Calendar\EtPicker.tsx
FN:43,EtPicker
FN:82,isOutOfBounds
FN:104,onClick
FN:112,onClick
FN:116,onClick
FN:119,onClick
FN:123,onClick
FN:127,onClick
FN:170,onClick
FN:219,isYearDisabled
FN:223,onSelect
FNF:11
FNH:11
FNDA:20,EtPicker
FNDA:570,isOutOfBounds
FNDA:1,onClick
FNDA:1,onClick
FNDA:1,onClick
FNDA:1,onClick
FNDA:1,onClick
FNDA:2,onClick
FNDA:4,onClick
FNDA:200,isYearDisabled
FNDA:1,onSelect
DA:1,1
DA:3,1
DA:4,1
DA:5,1
DA:6,1
DA:17,1
DA:18,1
DA:19,1
DA:20,1
DA:33,1
DA:34,1
DA:37,1
DA:38,1
DA:39,1
DA:40,1
DA:41,1
DA:43,1
DA:44,20
DA:45,20
DA:46,20
DA:47,20
DA:48,20
DA:49,20
DA:50,20
DA:51,20
DA:52,20
DA:53,20
DA:54,20
DA:55,20
DA:56,20
DA:57,20
DA:58,20
DA:59,20
DA:60,20
DA:61,20
DA:63,20
DA:64,20
DA:65,20
DA:67,20
DA:68,20
DA:69,20
DA:70,20
DA:72,20
DA:73,10
DA:74,0
DA:75,10
DA:76,10
DA:77,0
DA:78,10
DA:79,10
DA:80,20
DA:82,20
DA:83,570
DA:84,570
DA:86,20
DA:87,20
DA:88,20
DA:89,20
DA:90,20
DA:91,1
DA:92,1
DA:93,1
DA:94,1
DA:95,1
DA:96,1
DA:98,1
DA:99,1
DA:100,1
DA:102,20
DA:103,20
DA:104,20
DA:106,20
DA:107,20
DA:108,20
DA:109,20
DA:110,19
DA:111,19
DA:112,19
DA:113,19
DA:114,19
DA:115,19
DA:116,19
DA:117,19
DA:118,19
DA:119,19
DA:120,19
DA:121,19
DA:122,19
DA:123,19
DA:124,19
DA:125,19
DA:126,19
DA:127,19
DA:128,19
DA:129,19
DA:130,19
DA:132,20
DA:133,20
DA:134,19
DA:135,19
DA:136,19
DA:137,133
DA:138,133
DA:139,133
DA:140,19
DA:141,19
DA:142,19
DA:143,19
DA:144,798
DA:145,798
DA:146,798
DA:147,798
DA:148,798
DA:149,126
DA:150,90
DA:151,90
DA:152,798
DA:153,798
DA:154,570
DA:155,120
DA:156,120
DA:157,120
DA:158,120
DA:159,120
DA:160,120
DA:161,798
DA:162,798
DA:163,798
DA:164,798
DA:165,798
DA:167,798
DA:168,798
DA:169,798
DA:170,798
DA:171,4
DA:172,4
DA:173,4
DA:174,4
DA:175,4
DA:176,3
DA:177,4
DA:178,3
DA:179,3
DA:180,4
DA:181,798
DA:183,798
DA:184,798
DA:185,798
DA:186,798
DA:187,570
DA:188,570
DA:189,534
DA:190,264
DA:191,534
DA:192,798
DA:193,798
DA:194,798
DA:195,798
DA:196,798
DA:197,798
DA:198,798
DA:199,11
DA:200,787
DA:201,798
DA:202,798
DA:203,798
DA:204,798
DA:205,798
DA:206,798
DA:207,798
DA:209,798
DA:210,798
DA:211,798
DA:213,19
DA:214,19
DA:215,19
DA:217,1
DA:218,1
DA:219,1
DA:220,200
DA:221,200
DA:223,1
DA:224,1
DA:225,1
DA:226,1
DA:227,1
DA:229,20
DA:231,20
DA:233,1
LF:189
LH:187
BRDA:43,0,0,20
BRDA:65,1,0,0
BRDA:65,2,0,1
BRDA:65,3,0,19
BRDA:90,4,0,1
BRDA:106,5,0,0
BRDA:109,6,0,19
BRDA:133,7,0,19
BRDA:215,8,0,1
BRDA:68,9,0,18
BRDA:72,10,0,10
BRDA:73,11,0,0
BRDA:76,12,0,0
BRDA:82,13,0,570
BRDA:83,14,0,0
BRDA:84,15,0,0
BRDA:104,16,0,1
BRDA:112,17,0,1
BRDA:116,18,0,1
BRDA:119,19,0,1
BRDA:123,20,0,1
BRDA:127,21,0,2
BRDA:136,22,0,133
BRDA:143,23,0,798
BRDA:145,24,0,570
BRDA:145,25,0,60
BRDA:146,26,0,570
BRDA:148,27,0,126
BRDA:149,28,0,90
BRDA:150,29,0,90
BRDA:153,30,0,570
BRDA:154,31,0,120
BRDA:164,32,0,168
BRDA:186,33,0,570
BRDA:187,34,0,570
BRDA:188,35,0,534
BRDA:189,36,0,264
BRDA:190,37,0,534
BRDA:194,38,0,570
BRDA:194,39,0,228
BRDA:195,40,0,0
BRDA:196,41,0,0
BRDA:197,42,0,36
BRDA:197,43,0,762
BRDA:198,44,0,11
BRDA:198,45,0,11
BRDA:198,46,0,11
BRDA:199,47,0,787
BRDA:202,48,0,570
BRDA:202,49,0,228
BRDA:203,50,0,3
BRDA:203,51,0,795
BRDA:204,52,0,11
BRDA:204,53,0,787
BRDA:205,54,0,1
BRDA:205,55,0,797
BRDA:206,56,0,1
BRDA:206,57,0,797
BRDA:170,58,0,4
BRDA:175,59,0,3
BRDA:177,60,0,3
BRDA:219,61,0,200
BRDA:220,62,0,0
BRDA:221,63,0,0
BRDA:223,64,0,1
BRF:65
BRH:55
end_of_record
TN:
SF:src\components\Calendar\GcPicker.tsx
FN:21,GcPicker
FN:45,isOutOfBounds
FN:67,onClick
FN:75,onClick
FN:79,onClick
FN:82,onClick
FN:86,onClick
FN:90,onClick
FN:129,onClick
FN:169,isYearDisabled
FN:173,onSelect
FNF:11
FNH:9
FNDA:17,GcPicker
FNDA:630,isOutOfBounds
FNDA:2,onClick
FNDA:1,onClick
FNDA:1,onClick
FNDA:0,onClick
FNDA:1,onClick
FNDA:1,onClick
FNDA:4,onClick
FNDA:400,isYearDisabled
FNDA:0,onSelect
DA:1,1
DA:3,1
DA:4,1
DA:5,1
DA:6,1
DA:7,1
DA:8,1
DA:21,1
DA:22,17
DA:23,17
DA:24,17
DA:25,17
DA:26,17
DA:27,17
DA:28,17
DA:29,17
DA:30,17
DA:31,17
DA:32,17
DA:33,17
DA:34,17
DA:35,17
DA:36,17
DA:37,17
DA:38,17
DA:40,17
DA:41,17
DA:42,17
DA:43,17
DA:45,17
DA:46,630
DA:47,612
DA:49,17
DA:50,17
DA:51,17
DA:52,17
DA:53,17
DA:54,1
DA:55,1
DA:56,1
DA:57,1
DA:58,1
DA:59,1
DA:61,1
DA:62,1
DA:63,1
DA:65,17
DA:66,17
DA:67,17
DA:69,17
DA:70,17
DA:71,17
DA:72,17
DA:73,15
DA:74,15
DA:75,15
DA:76,15
DA:77,15
DA:78,15
DA:79,15
DA:80,15
DA:81,15
DA:82,15
DA:84,15
DA:85,15
DA:86,15
DA:87,15
DA:88,15
DA:89,15
DA:90,15
DA:91,15
DA:92,15
DA:93,15
DA:95,17
DA:96,17
DA:97,15
DA:98,15
DA:99,15
DA:100,105
DA:101,105
DA:102,105
DA:103,15
DA:104,15
DA:105,15
DA:106,15
DA:107,630
DA:108,630
DA:109,630
DA:110,630
DA:111,630
DA:112,630
DA:113,630
DA:114,210
DA:115,210
DA:116,210
DA:117,210
DA:118,210
DA:119,210
DA:120,630
DA:121,630
DA:122,630
DA:123,630
DA:124,630
DA:126,630
DA:127,630
DA:128,630
DA:129,630
DA:130,4
DA:131,4
DA:132,4
DA:133,4
DA:134,4
DA:135,4
DA:136,4
DA:137,4
DA:138,4
DA:139,4
DA:140,630
DA:142,630
DA:143,630
DA:144,630
DA:145,630
DA:146,630
DA:147,630
DA:148,630
DA:149,9
DA:150,621
DA:151,630
DA:152,630
DA:153,630
DA:154,630
DA:155,630
DA:156,630
DA:157,630
DA:159,630
DA:160,630
DA:161,630
DA:163,15
DA:164,15
DA:165,15
DA:167,2
DA:168,2
DA:169,2
DA:170,400
DA:171,280
DA:173,2
DA:174,0
DA:175,0
DA:176,0
DA:177,2
DA:179,17
DA:181,17
DA:183,1
LF:153
LH:150
BRDA:21,0,0,17
BRDA:53,1,0,1
BRDA:69,2,0,0
BRDA:72,3,0,15
BRDA:96,4,0,15
BRDA:165,5,0,2
BRDA:41,6,0,15
BRDA:45,7,0,630
BRDA:46,8,0,84
BRDA:46,9,0,612
BRDA:47,10,0,66
BRDA:67,11,0,2
BRDA:75,12,0,1
BRDA:79,13,0,1
BRDA:86,14,0,1
BRDA:90,15,0,1
BRDA:99,16,0,105
BRDA:106,17,0,630
BRDA:108,18,0,0
BRDA:111,19,0,84
BRDA:111,20,0,84
BRDA:113,21,0,210
BRDA:144,22,0,452
BRDA:144,23,0,178
BRDA:145,24,0,34
BRDA:145,25,0,596
BRDA:146,26,0,0
BRDA:147,27,0,0
BRDA:148,28,0,9
BRDA:148,29,0,9
BRDA:148,30,0,9
BRDA:149,31,0,621
BRDA:152,32,0,452
BRDA:152,33,0,178
BRDA:153,34,0,2
BRDA:153,35,0,628
BRDA:154,36,0,11
BRDA:154,37,0,619
BRDA:155,38,0,1
BRDA:155,39,0,629
BRDA:156,40,0,1
BRDA:156,41,0,629
BRDA:159,42,0,0
BRDA:129,43,0,4
BRDA:169,44,0,400
BRDA:170,45,0,200
BRDA:170,46,0,280
BRDA:171,47,0,80
BRF:48
BRH:43
end_of_record
TN:
SF:src\components\Calendar\Input.tsx
FN:38,padStart2
FN:77,handleInputFocus
FN:80,handleInputMouseDown
FN:87,properDateConverter
FN:104,handleInputBlur
FN:111,handleKeyDown
FN:117,handleInputChange
FN:214,formatDateRange
FN:217,toEthiopianDate
FN:250,onBlur
FN:265,onClick
FN:366,onMouseDown
FN:367,onClick
FN:373,onClick
FNF:14
FNH:10
FNDA:0,padStart2
FNDA:12,handleInputFocus
FNDA:0,handleInputMouseDown
FNDA:4,properDateConverter
FNDA:8,handleInputBlur
FNDA:0,handleKeyDown
FNDA:25,handleInputChange
FNDA:30,formatDateRange
FNDA:27,toEthiopianDate
FNDA:4,onBlur
FNDA:5,onClick
FNDA:0,onMouseDown
FNDA:3,onClick
FNDA:14,onClick
DA:1,1
DA:2,1
DA:3,1
DA:4,1
DA:5,1
DA:6,1
DA:38,1
DA:40,1
DA:41,1
DA:42,150
DA:43,150
DA:44,150
DA:45,150
DA:46,150
DA:47,150
DA:48,150
DA:49,150
DA:50,150
DA:51,150
DA:52,150
DA:53,150
DA:54,150
DA:55,150
DA:56,150
DA:57,150
DA:58,150
DA:59,150
DA:60,150
DA:65,150
DA:67,150
DA:68,66
DA:69,66
DA:70,66
DA:71,58
DA:72,58
DA:73,66
DA:74,66
DA:75,150
DA:77,150
DA:78,12
DA:79,12
DA:80,150
DA:81,0
DA:82,0
DA:83,0
DA:84,0
DA:87,150
DA:88,4
DA:89,4
DA:90,2
DA:91,2
DA:92,2
DA:93,2
DA:94,2
DA:95,2
DA:96,2
DA:97,2
DA:98,2
DA:99,4
DA:101,0
DA:102,4
DA:104,150
DA:105,8
DA:106,8
DA:107,0
DA:108,0
DA:109,8
DA:111,150
DA:112,0
DA:113,0
DA:114,0
DA:115,0
DA:117,150
DA:118,25
DA:119,25
DA:120,25
DA:122,25
DA:123,25
DA:126,25
DA:127,1
DA:128,1
DA:129,22
DA:130,22
DA:131,9
DA:132,1
DA:133,0
DA:134,0
DA:135,0
DA:136,25
DA:137,0
DA:138,0
DA:141,22
DA:142,22
DA:143,8
DA:144,5
DA:145,5
DA:146,5
DA:147,5
DA:148,3
DA:149,0
DA:150,25
DA:151,0
DA:152,0
DA:153,25
DA:154,0
DA:155,0
DA:156,25
DA:157,3
DA:158,3
DA:159,3
DA:160,25
DA:161,3
DA:162,3
DA:163,3
DA:164,20
DA:165,20
DA:166,5
DA:167,2
DA:168,2
DA:169,25
DA:170,2
DA:171,2
DA:172,2
DA:176,20
DA:177,20
DA:178,6
DA:179,1
DA:180,1
DA:181,1
DA:182,25
DA:183,1
DA:184,1
DA:186,25
DA:187,25
DA:188,25
DA:189,25
DA:191,17
DA:192,17
DA:195,25
DA:196,4
DA:197,4
DA:200,25
DA:201,12
DA:202,6
DA:203,6
DA:204,4
DA:205,6
DA:206,1
DA:207,1
DA:208,1
DA:209,1
DA:210,12
DA:211,25
DA:214,150
DA:215,30
DA:217,17
DA:218,27
DA:219,27
DA:220,27
DA:221,27
DA:223,17
DA:224,30
DA:225,10
DA:226,30
DA:227,7
DA:228,7
DA:229,17
DA:230,30
DA:232,150
DA:233,30
DA:234,120
DA:235,150
DA:237,150
DA:238,150
DA:239,150
DA:240,150
DA:241,150
DA:242,150
DA:243,150
DA:245,150
DA:246,150
DA:247,150
DA:248,150
DA:249,150
DA:250,150
DA:251,4
DA:252,4
DA:253,4
DA:255,150
DA:256,150
DA:257,150
DA:258,150
DA:259,150
DA:260,150
DA:261,150
DA:262,150
DA:263,150
DA:264,150
DA:265,150
DA:266,5
DA:267,5
DA:269,150
DA:270,30
DA:271,30
DA:272,30
DA:273,30
DA:274,30
DA:275,30
DA:276,30
DA:277,30
DA:278,30
DA:279,30
DA:280,30
DA:281,30
DA:282,30
DA:284,30
DA:285,13
DA:286,11
DA:287,30
DA:289,120
DA:290,120
DA:291,120
DA:292,120
DA:293,120
DA:294,120
DA:295,120
DA:296,120
DA:297,120
DA:299,120
DA:300,120
DA:301,120
DA:302,120
DA:303,120
DA:304,120
DA:305,120
DA:306,120
DA:307,120
DA:308,120
DA:309,120
DA:310,120
DA:311,120
DA:312,120
DA:313,120
DA:314,120
DA:315,120
DA:316,120
DA:317,120
DA:318,120
DA:319,120
DA:320,120
DA:321,120
DA:322,120
DA:323,120
DA:324,120
DA:325,120
DA:326,120
DA:327,120
DA:328,120
DA:329,120
DA:330,120
DA:331,120
DA:332,120
DA:333,120
DA:334,120
DA:335,120
DA:336,120
DA:337,120
DA:338,120
DA:339,120
DA:340,120
DA:341,120
DA:342,120
DA:343,120
DA:344,120
DA:345,120
DA:346,120
DA:347,120
DA:348,120
DA:349,120
DA:350,120
DA:351,120
DA:352,120
DA:354,150
DA:355,150
DA:356,150
DA:357,150
DA:358,150
DA:359,150
DA:361,150
DA:362,77
DA:363,77
DA:364,77
DA:365,77
DA:366,77
DA:367,77
DA:369,77
DA:370,77
DA:372,150
DA:373,150
DA:374,14
DA:375,14
DA:376,150
DA:377,150
DA:378,150
DA:379,150
DA:380,150
DA:381,150
DA:382,150
DA:384,150
DA:385,150
DA:386,150
DA:387,150
DA:388,150
DA:390,150
DA:391,1
DA:393,1
DA:395,1
LF:317
LH:296
BRDA:41,0,0,150
BRDA:232,1,0,30
BRDA:233,2,0,120
BRDA:234,3,0,72
BRDA:234,4,0,61
BRDA:235,5,0,147
BRDA:235,6,0,77
BRDA:241,7,0,2
BRDA:241,8,0,148
BRDA:242,9,0,2
BRDA:242,10,0,148
BRDA:262,11,0,2
BRDA:262,12,0,148
BRDA:263,13,0,2
BRDA:263,14,0,148
BRDA:269,15,0,30
BRDA:277,16,0,17
BRDA:277,17,0,13
BRDA:284,18,0,13
BRDA:285,19,0,2
BRDA:285,20,0,11
BRDA:287,21,0,120
BRDA:361,22,0,77
BRDA:377,23,0,2
BRDA:377,24,0,148
BRDA:379,25,0,2
BRDA:379,26,0,148
BRDA:67,27,0,66
BRDA:68,28,0,66
BRDA:70,29,0,58
BRDA:71,30,0,58
BRDA:73,31,0,58
BRDA:73,32,0,8
BRDA:77,33,0,12
BRDA:87,34,0,4
BRDA:89,35,0,2
BRDA:99,36,0,0
BRDA:104,37,0,8
BRDA:106,38,0,0
BRDA:106,39,0,0
BRDA:117,40,0,25
BRDA:122,41,0,1
BRDA:122,42,0,24
BRDA:123,43,0,1
BRDA:123,44,0,1
BRDA:123,45,0,23
BRDA:126,46,0,9
BRDA:126,47,0,2
BRDA:126,48,0,2
BRDA:126,49,0,1
BRDA:128,50,0,22
BRDA:130,51,0,9
BRDA:131,52,0,1
BRDA:132,53,0,0
BRDA:133,54,0,0
BRDA:134,55,0,0
BRDA:136,56,0,0
BRDA:138,57,0,22
BRDA:142,58,0,8
BRDA:143,59,0,5
BRDA:144,60,0,5
BRDA:145,61,0,5
BRDA:146,62,0,5
BRDA:147,63,0,3
BRDA:148,64,0,0
BRDA:150,65,0,0
BRDA:152,66,0,22
BRDA:153,67,0,9
BRDA:153,68,0,2
BRDA:153,69,0,0
BRDA:153,70,0,0
BRDA:155,71,0,22
BRDA:156,72,0,9
BRDA:156,73,0,3
BRDA:156,74,0,3
BRDA:157,75,0,0
BRDA:158,76,0,0
BRDA:158,77,0,0
BRDA:159,78,0,22
BRDA:160,79,0,8
BRDA:160,80,0,3
BRDA:160,81,0,3
BRDA:161,82,0,1
BRDA:161,83,0,2
BRDA:162,84,0,1
BRDA:163,85,0,20
BRDA:165,86,0,5
BRDA:166,87,0,2
BRDA:167,88,0,2
BRDA:169,89,0,2
BRDA:170,90,0,0
BRDA:171,91,0,0
BRDA:171,92,0,0
BRDA:172,93,0,20
BRDA:177,94,0,6
BRDA:178,95,0,1
BRDA:179,96,0,1
BRDA:180,97,0,1
BRDA:182,98,0,1
BRDA:183,99,0,0
BRDA:184,100,0,20
BRDA:186,101,0,9
BRDA:186,102,0,1
BRDA:186,103,0,1
BRDA:186,104,0,19
BRDA:187,105,0,8
BRDA:187,106,0,3
BRDA:187,107,0,1
BRDA:187,108,0,18
BRDA:188,109,0,6
BRDA:188,110,0,1
BRDA:188,111,0,1
BRDA:188,112,0,17
BRDA:189,113,0,5
BRDA:189,114,0,0
BRDA:189,115,0,17
BRDA:195,116,0,8
BRDA:195,117,0,7
BRDA:195,118,0,4
BRDA:197,119,0,17
BRDA:200,120,0,12
BRDA:201,121,0,7
BRDA:201,122,0,6
BRDA:203,123,0,5
BRDA:203,124,0,4
BRDA:205,125,0,2
BRDA:205,126,0,1
BRDA:205,127,0,1
BRDA:214,128,0,30
BRDA:215,129,0,13
BRDA:215,130,0,17
BRDA:224,131,0,10
BRDA:226,132,0,7
BRDA:228,133,0,17
BRDA:217,134,0,27
BRDA:250,135,0,4
BRDA:252,136,0,0
BRDA:265,137,0,5
BRDA:266,138,0,4
BRDA:367,139,0,3
BRDA:373,140,0,14
BRF:141
BRH:121
end_of_record
TN:
SF:src\components\Calendar\YearGrid.tsx
FN:22,YearGrid
FN:66,onClick
FNF:2
FNH:2
FNDA:3,YearGrid
FNDA:1,onClick
DA:1,1
DA:2,1
DA:22,1
DA:23,3
DA:24,3
DA:25,3
DA:26,3
DA:27,3
DA:28,3
DA:29,3
DA:30,3
DA:32,3
DA:33,3
DA:34,3
DA:35,3
DA:36,3
DA:37,3
DA:38,3
DA:40,3
DA:41,3
DA:42,3
DA:43,3
DA:45,3
DA:46,3
DA:47,3
DA:48,3
DA:49,3
DA:51,3
DA:52,3
DA:53,3
DA:54,3
DA:55,3
DA:56,3
DA:57,3
DA:59,3
DA:60,600
DA:61,407
DA:62,407
DA:63,407
DA:64,407
DA:65,600
DA:66,600
DA:67,1
DA:68,1
DA:69,1
DA:70,600
DA:71,600
DA:73,600
DA:74,600
DA:76,3
DA:77,3
DA:78,3
DA:80,3
DA:82,1
LF:54
LH:54
BRDA:22,0,0,3
BRDA:32,1,0,3
BRDA:35,2,0,0
BRDA:42,3,0,600
BRDA:59,4,0,600
BRDA:60,5,0,193
BRDA:60,6,0,407
BRDA:65,7,0,3
BRDA:65,8,0,404
BRDA:70,9,0,3
BRDA:70,10,0,404
BRDA:66,11,0,1
BRF:12
BRH:11
end_of_record
TN:
SF:src\components\TimePicker\EtTimePicker.tsx
FN:29,EtTimePicker
FN:39,getProperTimeBasedOnLimit
FN:57,onTimeChange
FNF:3
FNH:3
FNDA:4,EtTimePicker
FNDA:8,getProperTimeBasedOnLimit
FNDA:5,onTimeChange
DA:1,1
DA:2,1
DA:3,1
DA:4,1
DA:29,1
DA:30,4
DA:31,4
DA:32,4
DA:33,4
DA:34,4
DA:35,4
DA:36,4
DA:37,4
DA:39,4
DA:40,8
DA:41,8
DA:42,8
DA:43,8
DA:44,8
DA:45,6
DA:46,8
DA:48,4
DA:49,4
DA:50,4
DA:52,4
DA:53,4
DA:55,4
DA:57,4
DA:58,5
DA:59,4
DA:60,4
DA:61,5
DA:62,5
DA:64,4
DA:65,4
DA:66,4
DA:67,4
DA:68,4
DA:69,4
DA:70,4
DA:71,4
DA:72,4
DA:73,4
DA:74,4
DA:75,4
DA:77,4
LF:46
LH:46
BRDA:29,0,0,4
BRDA:39,1,0,8
BRDA:40,2,0,0
BRDA:42,3,0,0
BRDA:43,4,0,2
BRDA:43,5,0,2
BRDA:43,6,0,6
BRDA:44,7,0,0
BRDA:44,8,0,0
BRDA:44,9,0,6
BRDA:48,10,0,4
BRDA:52,11,0,4
BRDA:57,12,0,5
BRDA:58,13,0,1
BRDA:58,14,0,4
BRDA:61,15,0,2
BRF:16
BRH:12
end_of_record
TN:
SF:src\components\TimePicker\TimeInput.tsx
FN:36,TimeInput
FN:45,get12HourFormat
FN:82,handleInputFocus
FN:92,isTimeWithinRange
FN:116,handleHourChange
FN:151,handleMinuteChange
FN:175,handleHourInputChange
FN:187,handleMinuteInputChange
FN:199,togglePeriod
FN:209,get24HourFormat
FN:226,adjustTimeForCalendarType
FN:307,getTextColor
FN:340,onClick
FN:371,onClick
FN:388,onClick
FN:422,onClick
FNF:16
FNH:16
FNDA:87,TimeInput
FNDA:123,get12HourFormat
FNDA:27,handleInputFocus
FNDA:11,isTimeWithinRange
FNDA:6,handleHourChange
FNDA:2,handleMinuteChange
FNDA:2,handleHourInputChange
FNDA:1,handleMinuteInputChange
FNDA:2,togglePeriod
FNDA:61,get24HourFormat
FNDA:16,adjustTimeForCalendarType
FNDA:174,getTextColor
FNDA:5,onClick
FNDA:1,onClick
FNDA:1,onClick
FNDA:1,onClick
DA:1,1
DA:2,1
DA:3,1
DA:4,1
DA:5,1
DA:6,1
DA:36,1
DA:37,87
DA:38,87
DA:39,87
DA:40,87
DA:41,87
DA:42,87
DA:43,87
DA:44,87
DA:45,87
DA:46,123
DA:47,123
DA:48,2
DA:49,2
DA:50,123
DA:51,44
DA:52,8
DA:53,8
DA:54,44
DA:55,30
DA:56,30
DA:57,44
DA:58,6
DA:59,6
DA:60,123
DA:61,77
DA:62,47
DA:63,47
DA:64,77
DA:65,24
DA:66,24
DA:67,71
DA:68,0
DA:69,0
DA:70,77
DA:72,6
DA:73,123
DA:75,87
DA:76,87
DA:77,87
DA:78,87
DA:79,87
DA:80,87
DA:82,87
DA:83,27
DA:84,27
DA:86,87
DA:87,58
DA:88,42
DA:89,42
DA:90,87
DA:92,87
DA:93,11
DA:94,11
DA:95,11
DA:96,11
DA:97,11
DA:98,11
DA:99,1
DA:100,11
DA:101,10
DA:102,10
DA:103,10
DA:105,11
DA:106,1
DA:107,1
DA:108,1
DA:109,11
DA:110,1
DA:111,1
DA:112,1
DA:113,10
DA:114,11
DA:116,87
DA:117,6
DA:118,5
DA:119,5
DA:120,1
DA:121,1
DA:122,1
DA:123,1
DA:124,1
DA:125,1
DA:126,1
DA:127,1
DA:128,1
DA:129,0
DA:130,0
DA:131,0
DA:132,0
DA:133,0
DA:134,0
DA:135,0
DA:136,1
DA:137,1
DA:139,4
DA:140,5
DA:141,4
DA:143,5
DA:144,5
DA:145,3
DA:146,3
DA:147,1
DA:148,5
DA:149,6
DA:151,87
DA:152,2
DA:153,2
DA:154,2
DA:155,2
DA:156,2
DA:158,2
DA:159,1
DA:160,1
DA:161,1
DA:162,1
DA:163,1
DA:164,1
DA:166,2
DA:167,2
DA:168,2
DA:169,2
DA:170,2
DA:171,0
DA:172,2
DA:173,2
DA:175,87
DA:176,2
DA:177,2
DA:178,2
DA:179,1
DA:180,1
DA:181,1
DA:182,1
DA:183,1
DA:184,1
DA:185,2
DA:187,87
DA:188,1
DA:189,1
DA:190,1
DA:191,1
DA:192,1
DA:193,1
DA:194,1
DA:195,1
DA:196,1
DA:197,1
DA:199,87
DA:200,2
DA:201,2
DA:202,2
DA:203,2
DA:204,2
DA:205,2
DA:206,2
DA:207,2
DA:209,87
DA:210,61
DA:211,58
DA:212,61
DA:213,21
DA:214,61
DA:215,37
DA:216,37
DA:217,37
DA:218,58
DA:219,61
DA:221,87
DA:222,61
DA:224,87
DA:226,87
DA:227,16
DA:228,16
DA:229,16
DA:231,8
DA:232,1
DA:233,1
DA:234,8
DA:235,1
DA:236,1
DA:237,7
DA:238,2
DA:239,2
DA:240,6
DA:241,1
DA:242,1
DA:243,4
DA:244,1
DA:245,1
DA:246,3
DA:247,1
DA:248,1
DA:249,1
DA:250,1
DA:251,1
DA:252,1
DA:253,0
DA:254,0
DA:255,0
DA:256,8
DA:258,7
DA:259,3
DA:260,3
DA:261,7
DA:262,1
DA:263,1
DA:264,4
DA:265,0
DA:266,0
DA:267,3
DA:268,1
DA:269,1
DA:270,3
DA:271,1
DA:272,1
DA:273,1
DA:274,1
DA:275,1
DA:276,1
DA:277,0
DA:278,0
DA:279,0
DA:280,0
DA:281,0
DA:282,0
DA:283,7
DA:284,7
DA:286,16
DA:287,16
DA:288,16
DA:290,87
DA:291,36
DA:292,36
DA:293,36
DA:294,36
DA:296,87
DA:298,87
DA:299,52
DA:300,36
DA:301,52
DA:302,16
DA:303,16
DA:305,87
DA:307,87
DA:308,174
DA:309,174
DA:310,172
DA:311,174
DA:313,87
DA:314,87
DA:315,87
DA:316,87
DA:317,87
DA:318,87
DA:319,87
DA:320,87
DA:321,87
DA:322,87
DA:323,87
DA:324,87
DA:325,87
DA:326,87
DA:328,87
DA:329,87
DA:330,87
DA:331,87
DA:332,87
DA:333,87
DA:334,87
DA:335,87
DA:336,87
DA:337,87
DA:338,87
DA:339,87
DA:340,87
DA:341,87
DA:343,87
DA:344,87
DA:345,87
DA:346,87
DA:347,87
DA:348,87
DA:349,87
DA:350,87
DA:351,87
DA:352,87
DA:353,87
DA:354,87
DA:355,87
DA:356,87
DA:357,87
DA:358,87
DA:359,87
DA:360,87
DA:361,87
DA:362,87
DA:363,87
DA:364,87
DA:365,87
DA:366,87
DA:367,87
DA:368,87
DA:369,87
DA:370,87
DA:371,87
DA:372,87
DA:374,87
DA:375,87
DA:376,87
DA:377,87
DA:378,87
DA:379,87
DA:380,87
DA:381,87
DA:382,87
DA:383,87
DA:384,87
DA:385,87
DA:386,87
DA:387,87
DA:388,87
DA:389,87
DA:391,87
DA:392,87
DA:393,87
DA:394,87
DA:395,87
DA:396,87
DA:397,87
DA:399,87
DA:400,87
DA:401,87
DA:402,87
DA:403,87
DA:404,87
DA:405,87
DA:406,87
DA:407,87
DA:408,87
DA:409,87
DA:410,87
DA:411,87
DA:412,87
DA:413,87
DA:414,87
DA:415,87
DA:416,87
DA:417,87
DA:418,87
DA:419,87
DA:420,87
DA:421,87
DA:422,87
DA:423,87
DA:425,87
DA:426,87
DA:427,87
DA:428,87
DA:429,87
DA:430,87
DA:431,87
DA:432,87
DA:433,87
DA:434,87
DA:435,87
DA:436,87
DA:437,87
DA:438,87
DA:439,87
DA:440,87
DA:442,87
DA:443,32
DA:444,18
DA:445,2
DA:447,16
DA:449,14
DA:450,3
DA:452,11
DA:455,55
DA:457,87
DA:458,87
DA:459,87
DA:461,87
DA:463,1
LF:391
LH:370
BRDA:36,0,0,87
BRDA:320,1,0,0
BRDA:336,2,0,1
BRDA:336,3,0,86
BRDA:347,4,0,81
BRDA:347,5,0,6
BRDA:369,6,0,1
BRDA:369,7,0,86
BRDA:386,8,0,1
BRDA:386,9,0,86
BRDA:397,10,0,15
BRDA:397,11,0,84
BRDA:397,12,0,3
BRDA:420,13,0,1
BRDA:420,14,0,86
BRDA:434,15,0,32
BRDA:434,16,0,55
BRDA:438,17,0,1
BRDA:438,18,0,86
BRDA:442,19,0,32
BRDA:443,20,0,18
BRDA:444,21,0,2
BRDA:445,22,0,0
BRDA:445,23,0,16
BRDA:447,24,0,0
BRDA:447,25,0,14
BRDA:449,26,0,3
BRDA:450,27,0,0
BRDA:450,28,0,11
BRDA:452,29,0,0
BRDA:452,30,0,55
BRDA:455,31,0,37
BRDA:455,32,0,18
BRDA:45,33,0,123
BRDA:47,34,0,121
BRDA:47,35,0,2
BRDA:49,36,0,121
BRDA:50,37,0,44
BRDA:51,38,0,8
BRDA:53,39,0,36
BRDA:54,40,0,30
BRDA:56,41,0,6
BRDA:57,42,0,6
BRDA:60,43,0,77
BRDA:61,44,0,47
BRDA:63,45,0,30
BRDA:64,46,0,24
BRDA:66,47,0,71
BRDA:66,48,0,6
BRDA:67,49,0,0
BRDA:70,50,0,6
BRDA:82,51,0,27
BRDA:86,52,0,58
BRDA:87,53,0,55
BRDA:87,54,0,42
BRDA:87,55,0,42
BRDA:92,56,0,11
BRDA:98,57,0,1
BRDA:99,58,0,0
BRDA:100,59,0,10
BRDA:101,60,0,2
BRDA:101,61,0,2
BRDA:102,62,0,8
BRDA:102,63,0,0
BRDA:105,64,0,1
BRDA:107,65,0,0
BRDA:109,66,0,1
BRDA:112,67,0,10
BRDA:116,68,0,6
BRDA:117,69,0,1
BRDA:117,70,0,5
BRDA:118,71,0,5
BRDA:119,72,0,1
BRDA:120,73,0,0
BRDA:124,74,0,0
BRDA:124,75,0,0
BRDA:125,76,0,0
BRDA:128,77,0,0
BRDA:137,78,0,4
BRDA:140,79,0,0
BRDA:140,80,0,4
BRDA:141,81,0,0
BRDA:143,82,0,0
BRDA:143,83,0,4
BRDA:144,84,0,3
BRDA:146,85,0,1
BRDA:151,86,0,2
BRDA:152,87,0,0
BRDA:153,88,0,2
BRDA:154,89,0,0
BRDA:156,90,0,0
BRDA:158,91,0,1
BRDA:163,92,0,0
BRDA:170,93,0,0
BRDA:175,94,0,2
BRDA:176,95,0,0
BRDA:178,96,0,1
BRDA:180,97,0,0
BRDA:182,98,0,0
BRDA:187,99,0,1
BRDA:188,100,0,0
BRDA:189,101,0,0
BRDA:192,102,0,0
BRDA:194,103,0,0
BRDA:199,104,0,2
BRDA:200,105,0,0
BRDA:201,106,0,0
BRDA:202,107,0,0
BRDA:203,108,0,0
BRDA:209,109,0,61
BRDA:210,110,0,58
BRDA:210,111,0,3
BRDA:210,112,0,58
BRDA:212,113,0,21
BRDA:213,114,0,13
BRDA:213,115,0,8
BRDA:214,116,0,37
BRDA:215,117,0,13
BRDA:215,118,0,12
BRDA:216,119,0,24
BRDA:216,120,0,0
BRDA:217,121,0,58
BRDA:221,122,0,61
BRDA:226,123,0,16
BRDA:227,124,0,0
BRDA:229,125,0,8
BRDA:229,126,0,8
BRDA:231,127,0,4
BRDA:231,128,0,2
BRDA:231,129,0,1
BRDA:234,130,0,7
BRDA:234,131,0,3
BRDA:234,132,0,1
BRDA:234,133,0,1
BRDA:237,134,0,6
BRDA:237,135,0,3
BRDA:237,136,0,2
BRDA:240,137,0,4
BRDA:240,138,0,1
BRDA:240,139,0,1
BRDA:243,140,0,3
BRDA:243,141,0,2
BRDA:243,142,0,1
BRDA:246,143,0,2
BRDA:246,144,0,1
BRDA:246,145,0,1
BRDA:252,146,0,0
BRDA:256,147,0,7
BRDA:258,148,0,4
BRDA:258,149,0,4
BRDA:258,150,0,3
BRDA:261,151,0,4
BRDA:261,152,0,1
BRDA:261,153,0,1
BRDA:264,154,0,3
BRDA:264,155,0,0
BRDA:264,156,0,0
BRDA:267,157,0,1
BRDA:267,158,0,1
BRDA:267,159,0,1
BRDA:270,160,0,2
BRDA:270,161,0,1
BRDA:276,162,0,0
BRDA:283,163,0,0
BRDA:290,164,0,36
BRDA:298,165,0,52
BRDA:299,166,0,36
BRDA:301,167,0,16
BRDA:307,168,0,174
BRDA:308,169,0,2
BRDA:308,170,0,172
BRDA:309,171,0,0
BRDA:309,172,0,172
BRDA:340,173,0,5
BRDA:371,174,0,1
BRDA:388,175,0,1
BRDA:422,176,0,1
BRF:177
BRH:136
end_of_record
TN:
SF:src\utils\EthiopianCalendar.ts
FN:12,checkLeapYear
FN:20,ethiopianMonthLength
FN:25,clampDay
FN:30,dayOfWeek
FN:43,monthLength
FN:58,nextMonth
FN:70,nextYear
FN:79,prevMonth
FN:91,prevYear
FN:103,setEthiopianYear
FN:119,generateEthiopianDate
FN:235,convertToEthiopian
FN:236,invalid
FNF:13
FNH:13
FNDA:23,checkLeapYear
FNDA:53,ethiopianMonthLength
FNDA:16,clampDay
FNDA:23,dayOfWeek
FNDA:69,monthLength
FNDA:4,nextMonth
FNDA:3,nextYear
FNDA:3,prevMonth
FNDA:2,prevYear
FNDA:4,setEthiopianYear
FNDA:23,generateEthiopianDate
FNDA:9,convertToEthiopian
FNDA:5,invalid
DA:1,1
DA:2,1
DA:6,1
DA:12,1
DA:13,23
DA:14,23
DA:20,1
DA:21,53
DA:22,53
DA:25,1
DA:26,16
DA:27,16
DA:30,1
DA:31,23
DA:32,23
DA:33,23
DA:34,23
DA:35,23
DA:36,23
DA:37,23
DA:43,1
DA:44,69
DA:45,69
DA:46,69
DA:47,69
DA:48,69
DA:49,23
DA:50,23
DA:51,69
DA:52,23
DA:53,23
DA:54,23
DA:55,23
DA:58,1
DA:59,4
DA:60,4
DA:61,4
DA:62,4
DA:63,4
DA:64,1
DA:65,1
DA:66,3
DA:67,3
DA:70,1
DA:71,3
DA:72,3
DA:73,3
DA:74,3
DA:75,3
DA:76,3
DA:79,1
DA:80,3
DA:81,3
DA:82,3
DA:83,3
DA:84,3
DA:85,1
DA:86,1
DA:87,2
DA:88,2
DA:91,1
DA:92,2
DA:93,2
DA:94,2
DA:95,2
DA:96,2
DA:97,2
DA:103,1
DA:104,4
DA:105,4
DA:106,4
DA:107,4
DA:108,4
DA:109,4
DA:119,1
DA:120,23
DA:121,23
DA:122,23
DA:123,23
DA:124,23
DA:125,23
DA:126,23
DA:127,23
DA:130,23
DA:131,23
DA:132,105
DA:133,105
DA:136,23
DA:137,617
DA:138,617
DA:139,617
DA:140,617
DA:141,617
DA:142,617
DA:143,617
DA:144,617
DA:145,617
DA:146,617
DA:147,617
DA:148,617
DA:149,617
DA:152,23
DA:153,23
DA:154,244
DA:155,244
DA:156,244
DA:158,23
DA:159,23
DA:162,1
DA:163,1
DA:164,1
DA:165,1
DA:166,1
DA:167,1
DA:168,1
DA:169,1
DA:170,1
DA:171,1
DA:172,1
DA:173,1
DA:174,1
DA:175,1
DA:176,1
DA:183,1
DA:184,1
DA:185,1
DA:186,1
DA:187,1
DA:188,1
DA:189,1
DA:190,1
DA:191,1
DA:192,1
DA:193,1
DA:194,1
DA:195,1
DA:196,1
DA:197,1
DA:200,1
DA:201,1
DA:202,1
DA:203,1
DA:204,1
DA:205,1
DA:206,1
DA:207,1
DA:208,1
DA:209,1
DA:210,1
DA:211,1
DA:212,1
DA:213,1
DA:214,1
DA:235,1
DA:236,9
DA:237,5
DA:238,5
DA:239,5
DA:240,5
DA:242,9
DA:244,9
DA:245,9
DA:247,7
DA:249,7
DA:250,7
DA:251,6
DA:252,6
DA:253,6
DA:254,6
DA:255,5
DA:256,4
DA:257,4
DA:258,9
DA:259,3
DA:260,3
DA:262,4
DA:264,4
DA:265,4
DA:266,4
DA:267,4
DA:268,9
DA:269,9
DA:270,9
DA:271,9
LF:184
LH:184
BRDA:12,0,0,23
BRDA:13,1,0,8
BRDA:13,2,0,15
BRDA:20,3,0,53
BRDA:21,4,0,11
BRDA:21,5,0,42
BRDA:25,6,0,16
BRDA:30,7,0,23
BRDA:43,8,0,69
BRDA:48,9,0,23
BRDA:49,10,0,5
BRDA:49,11,0,18
BRDA:50,12,0,46
BRDA:51,13,0,23
BRDA:52,14,0,0
BRDA:58,15,0,4
BRDA:63,16,0,1
BRDA:65,17,0,3
BRDA:70,18,0,3
BRDA:79,19,0,3
BRDA:84,20,0,2
BRDA:84,21,0,1
BRDA:91,22,0,2
BRDA:103,23,0,4
BRDA:119,24,0,23
BRDA:131,25,0,105
BRDA:136,26,0,617
BRDA:153,27,0,244
BRDA:154,28,0,237
BRDA:154,29,0,7
BRDA:235,30,0,9
BRDA:242,31,0,0
BRDA:245,32,0,2
BRDA:245,33,0,7
BRDA:250,34,0,6
BRDA:251,35,0,6
BRDA:252,36,0,6
BRDA:253,37,0,6
BRDA:254,38,0,5
BRDA:255,39,0,4
BRDA:256,40,0,4
BRDA:258,41,0,4
BRDA:258,42,0,3
BRDA:268,43,0,0
BRDA:269,44,0,0
BRDA:236,45,0,5
BRF:46
BRH:42
end_of_record
TN:
SF:src\utils\calendar.ts
FN:18,generateDate
FN:73,checkLeapYearGc
FNF:2
FNH:2
FNDA:23,generateDate
FNDA:6,checkLeapYearGc
DA:1,1
DA:5,1
DA:18,1
DA:19,23
DA:20,23
DA:21,23
DA:22,23
DA:23,23
DA:24,23
DA:25,23
DA:29,23
DA:30,23
DA:31,45
DA:32,45
DA:33,45
DA:36,23
DA:37,693
DA:38,693
DA:39,693
DA:40,693
DA:41,693
DA:42,693
DA:43,693
DA:44,693
DA:47,23
DA:48,23
DA:49,228
DA:50,228
DA:51,228
DA:53,23
DA:54,23
DA:57,1
DA:58,1
DA:59,1
DA:60,1
DA:61,1
DA:62,1
DA:63,1
DA:64,1
DA:65,1
DA:66,1
DA:67,1
DA:68,1
DA:69,1
DA:70,1
DA:73,1
DA:74,6
DA:75,6
LF:48
LH:48
BRDA:18,0,0,23
BRDA:30,1,0,45
BRDA:36,2,0,693
BRDA:48,3,0,228
BRDA:73,4,0,6
BRDA:74,5,0,4
BRDA:74,6,0,4
BRF:7
BRH:7
end_of_record
TN:
SF:src\utils\cn.ts
FN:10,cn
FNF:1
FNH:1
FNDA:1838,cn
DA:10,1838
DA:11,1838
DA:12,1838
LF:3
LH:3
BRDA:10,0,0,1838
BRF:1
BRH:1
end_of_record
TN:
SF:src\utils\dateRange.ts
FN:19,isDateInRange
FN:51,getRangePosition
FNF:2
FNH:2
FNDA:341,isDateInRange
FNDA:1433,getRangePosition
DA:1,1
DA:19,1
DA:20,341
DA:21,341
DA:22,341
DA:23,341
DA:24,341
DA:26,80
DA:27,80
DA:28,80
DA:30,341
DA:31,0
DA:32,0
DA:35,341
DA:36,341
DA:37,341
DA:39,77
DA:40,341
DA:41,341
DA:42,341
DA:44,341
DA:45,341
DA:51,1
DA:52,1433
DA:53,1433
DA:54,1433
DA:55,1433
DA:56,1433
DA:58,75
DA:59,75
DA:60,75
DA:62,1433
DA:63,0
DA:64,0
DA:66,635
DA:67,635
DA:68,69
DA:69,69
LF:38
LH:34
BRDA:19,0,0,341
BRDA:24,1,0,340
BRDA:24,2,0,339
BRDA:24,3,0,225
BRDA:24,4,0,261
BRDA:24,5,0,80
BRDA:30,6,0,80
BRDA:30,7,0,0
BRDA:32,8,0,80
BRDA:35,9,0,1
BRDA:35,10,0,1
BRDA:35,11,0,79
BRDA:36,12,0,1
BRDA:36,13,0,1
BRDA:36,14,0,78
BRDA:37,15,0,1
BRDA:37,16,0,1
BRDA:37,17,0,77
BRDA:40,18,0,74
BRDA:42,19,0,74
BRDA:44,20,0,65
BRDA:51,21,0,1433
BRDA:56,22,0,334
BRDA:56,23,0,333
BRDA:56,24,0,219
BRDA:56,25,0,1358
BRDA:56,26,0,75
BRDA:62,27,0,75
BRDA:62,28,0,635
BRDA:62,29,0,0
BRDA:64,30,0,75
BRDA:66,31,0,3
BRDA:66,32,0,72
BRDA:67,33,0,631
BRDA:67,34,0,3
BRDA:67,35,0,69
BRF:36
BRH:34
end_of_record
TN:
SF:src\utils\time.ts
FN:11,parseTime
FN:26,toMinutes
FNF:2
FNH:2
FNDA:143,parseTime
FNDA:13,toMinutes
DA:11,1
DA:12,143
DA:13,138
DA:14,138
DA:15,138
DA:16,138
DA:17,136
DA:18,136
DA:19,143
DA:20,2
DA:21,2
DA:22,136
DA:23,136
DA:26,1
DA:27,13
LF:15
LH:15
BRDA:11,0,0,143
BRDA:12,1,0,5
BRDA:12,2,0,138
BRDA:16,3,0,136
BRDA:17,4,0,136
BRDA:19,5,0,138
BRDA:19,6,0,2
BRDA:21,7,0,136
BRDA:26,8,0,13
BRF:9
BRH:9
end_of_record
